<?xml version="1.0" encoding="UTF-8"?>
<testng-results ignored="0" total="1" passed="1" failed="0" skipped="0">
  <reporter-output>
  </reporter-output>
  <suite started-at="2024-07-06T23:43:34 IST" name="Default suite" finished-at="2024-07-06T23:43:52 IST" duration-ms="18299">
    <groups>
    </groups>
    <test started-at="2024-07-06T23:43:34 IST" name="Default test" finished-at="2024-07-06T23:43:52 IST" duration-ms="18299">
      <class name="SeleniumProgram.SoftAssert_Program">
        <test-method signature="SoftAssert()[pri:0, instance:SeleniumProgram.SoftAssert_Program@fa49800]" started-at="2024-07-06T23:43:34 IST" name="SoftAssert" finished-at="2024-07-06T23:43:52 IST" duration-ms="18229" status="PASS">
          <reporter-output>
          </reporter-output>
        </test-method> <!-- SoftAssert -->
      </class> <!-- SeleniumProgram.SoftAssert_Program -->
    </test> <!-- Default test -->
  </suite> <!-- Default suite -->
</testng-results>
