<?xml version="1.0" encoding="UTF-8"?>
<!-- Generated by org.testng.reporters.JUnitXMLReporter -->
<testsuite ignored="0" hostname="Vigneshwaran" failures="0" tests="2" name="AmazonParallelTest_Chrome" time="85.759" errors="0" timestamp="2024-06-20T18:59:09 IST">
  <testcase classname="Amazon_2TC_1AM_1BM.Testcase1" name="Search_ClickFirstProduct" time="12.793"/>
  <testcase classname="Amazon_2TC_1AM_1BM.Testcase2" name="Search_ClickFirstProduct_Wishlist_Cart" time="30.475"/>
</testsuite> <!-- AmazonParallelTest_Chrome -->
