<?xml version="1.0" encoding="UTF-8"?>
<!-- Generated by org.testng.reporters.JUnitXMLReporter -->
<testsuite ignored="0" hostname="Vigneshwaran" failures="0" tests="2" name="AmazonParallelTest_Edge" time="129.724" errors="0" timestamp="2024-06-20T19:01:50 IST">
  <testcase classname="Amazon_2TC_1AM_1BM.Testcase1" name="Search_ClickFirstProduct" time="16.163"/>
  <testcase classname="Amazon_2TC_1AM_1BM.Testcase2" name="Search_ClickFirstProduct_Wishlist_Cart" time="36.757"/>
</testsuite> <!-- AmazonParallelTest_Edge -->
