<?xml version="1.0" encoding="UTF-8"?>
<!-- Generated by org.testng.reporters.JUnitXMLReporter -->
<testsuite ignored="0" hostname="Vigneshwaran" failures="1" tests="10" name="ParallelTest_Edget" time="824.258" errors="0" timestamp="2024-06-21T15:09:12 IST">
  <testcase classname="AmazonScenarios_ParallelTesting.Scenario1" name="Testcase1" time="66.295"/>
  <testcase classname="AmazonScenarios_ParallelTesting.Scenario2" name="Testcase2" time="112.452"/>
  <testcase classname="AmazonScenarios_ParallelTesting.Scenario3" name="Testcase3" time="62.762"/>
  <testcase classname="AmazonScenarios_ParallelTesting.Scenario4" name="Testcase4" time="13.53"/>
  <testcase classname="AmazonScenarios_ParallelTesting.Scenario5" name="Testcase5" time="25.881">
    <failure type="org.openqa.selenium.ElementNotInteractableException" message="element not interactable
  (Session info: MicrosoftEdge=126.0.2592.61)
Build info: version: &amp;apos;4.21.0&amp;apos;, revision: &amp;apos;79ed462ef4&amp;apos;
System info: os.name: &amp;apos;Windows 10&amp;apos;, os.arch: &amp;apos;amd64&amp;apos;, os.version: &amp;apos;10.0&amp;apos;, java.version: &amp;apos;17.0.10&amp;apos;
Driver info: org.openqa.selenium.edge.EdgeDriver
Command: [a3371e2c0bcdafd9cda23af497afbcb4, clickElement {id=f.4E7C748B962972438C13B993D88EE64D.d.762E3D5A273A199078FEDF1721DF4BEB.e.222}]
Capabilities {acceptInsecureCerts: false, browserName: MicrosoftEdge, browserVersion: 126.0.2592.61, fedcm:accounts: true, ms:edgeOptions: {debuggerAddress: localhost:55136}, msedge: {msedgedriverVersion: 126.0.2592.68 (30e1b6cc72a8..., userDataDir: C:\Users\HP\AppData\Local\T...}, networkConnectionEnabled: false, pageLoadStrategy: normal, platformName: windows, proxy: Proxy(), se:cdp: ws://localhost:55136/devtoo..., se:cdpVersion: 126.0.2592.61, setWindowRect: true, strictFileInteractability: false, timeouts: {implicit: 0, pageLoad: 300000, script: 30000}, unhandledPromptBehavior: dismiss and notify, webauthn:extension:credBlob: true, webauthn:extension:largeBlob: true, webauthn:extension:minPinLength: true, webauthn:extension:prf: true, webauthn:virtualAuthenticators: true}
Element: [[EdgeDriver: MicrosoftEdge on windows (a3371e2c0bcdafd9cda23af497afbcb4)] -&amp;gt; xpath: (//a[@class=&amp;apos;a-link-normal s-no-outline&amp;apos;])[33]]
Session ID: a3371e2c0bcdafd9cda23af497afbcb4">
      <![CDATA[org.openqa.selenium.ElementNotInteractableException: element not interactable
  (Session info: MicrosoftEdge=126.0.2592.61)
Build info: version: '4.21.0', revision: '79ed462ef4'
System info: os.name: 'Windows 10', os.arch: 'amd64', os.version: '10.0', java.version: '17.0.10'
Driver info: org.openqa.selenium.edge.EdgeDriver
Command: [a3371e2c0bcdafd9cda23af497afbcb4, clickElement {id=f.4E7C748B962972438C13B993D88EE64D.d.762E3D5A273A199078FEDF1721DF4BEB.e.222}]
Capabilities {acceptInsecureCerts: false, browserName: MicrosoftEdge, browserVersion: 126.0.2592.61, fedcm:accounts: true, ms:edgeOptions: {debuggerAddress: localhost:55136}, msedge: {msedgedriverVersion: 126.0.2592.68 (30e1b6cc72a8..., userDataDir: C:\Users\HP\AppData\Local\T...}, networkConnectionEnabled: false, pageLoadStrategy: normal, platformName: windows, proxy: Proxy(), se:cdp: ws://localhost:55136/devtoo..., se:cdpVersion: 126.0.2592.61, setWindowRect: true, strictFileInteractability: false, timeouts: {implicit: 0, pageLoad: 300000, script: 30000}, unhandledPromptBehavior: dismiss and notify, webauthn:extension:credBlob: true, webauthn:extension:largeBlob: true, webauthn:extension:minPinLength: true, webauthn:extension:prf: true, webauthn:virtualAuthenticators: true}
Element: [[EdgeDriver: MicrosoftEdge on windows (a3371e2c0bcdafd9cda23af497afbcb4)] -> xpath: (//a[@class='a-link-normal s-no-outline'])[33]]
Session ID: a3371e2c0bcdafd9cda23af497afbcb4
at org.openqa.selenium.remote.ErrorCodec.decode(ErrorCodec.java:167)
at org.openqa.selenium.remote.codec.w3c.W3CHttpResponseCodec.decode(W3CHttpResponseCodec.java:138)
at org.openqa.selenium.remote.codec.w3c.W3CHttpResponseCodec.decode(W3CHttpResponseCodec.java:50)
at org.openqa.selenium.remote.HttpCommandExecutor.execute(HttpCommandExecutor.java:190)
at org.openqa.selenium.remote.service.DriverCommandExecutor.invokeExecute(DriverCommandExecutor.java:216)
at org.openqa.selenium.remote.service.DriverCommandExecutor.execute(DriverCommandExecutor.java:174)
at org.openqa.selenium.remote.RemoteWebDriver.execute(RemoteWebDriver.java:518)
at org.openqa.selenium.remote.RemoteWebElement.execute(RemoteWebElement.java:223)
at org.openqa.selenium.remote.RemoteWebElement.click(RemoteWebElement.java:76)
at AmazonScenarios_ParallelTesting.Scenario5.Testcase5(Scenario5.java:18)
at java.base/java.util.ArrayList.forEach(ArrayList.java:1511)
at java.base/java.util.concurrent.FutureTask.run(FutureTask.java:264)
at java.base/java.util.concurrent.ThreadPoolExecutor.runWorker(ThreadPoolExecutor.java:1136)
at java.base/java.util.concurrent.ThreadPoolExecutor$Worker.run(ThreadPoolExecutor.java:635)
at java.base/java.lang.Thread.run(Thread.java:840)
... Removed 23 stack frames]]>
    </failure>
  </testcase> <!-- Testcase5 -->
  <testcase classname="AmazonScenarios_ParallelTesting.Scenario6" name="Testcase6" time="27.425"/>
  <testcase classname="AmazonScenarios_ParallelTesting.Scenario7" name="Testcase7" time="10.446"/>
  <testcase classname="AmazonScenarios_ParallelTesting.Scenario8" name="Testcase8" time="18.212"/>
  <testcase classname="AmazonScenarios_ParallelTesting.Scenario9" name="Testcase9" time="13.926"/>
  <testcase classname="AmazonScenarios_ParallelTesting.Scenario10" name="Testcase10" time="11.479"/>
</testsuite> <!-- ParallelTest_Edget -->
