<?xml version="1.0" encoding="UTF-8"?>
<!-- Generated by org.testng.reporters.JUnitXMLReporter -->
<testsuite ignored="0" hostname="Vigneshwaran" failures="0" tests="10" name="ParallelTest_Chrome" time="688.273" errors="0" timestamp="2024-06-21T15:06:56 IST">
  <testcase classname="AmazonScenarios_ParallelTesting.Scenario1" name="Testcase1" time="43.073"/>
  <testcase classname="AmazonScenarios_ParallelTesting.Scenario2" name="Testcase2" time="32.559"/>
  <testcase classname="AmazonScenarios_ParallelTesting.Scenario3" name="Testcase3" time="29.454"/>
  <testcase classname="AmazonScenarios_ParallelTesting.Scenario4" name="Testcase4" time="39.209"/>
  <testcase classname="AmazonScenarios_ParallelTesting.Scenario5" name="Testcase5" time="30.932"/>
  <testcase classname="AmazonScenarios_ParallelTesting.Scenario6" name="Testcase6" time="25.47"/>
  <testcase classname="AmazonScenarios_ParallelTesting.Scenario7" name="Testcase7" time="48.427"/>
  <testcase classname="AmazonScenarios_ParallelTesting.Scenario8" name="Testcase8" time="31.072"/>
  <testcase classname="AmazonScenarios_ParallelTesting.Scenario9" name="Testcase9" time="23.637"/>
  <testcase classname="AmazonScenarios_ParallelTesting.Scenario10" name="Testcase10" time="16.064"/>
</testsuite> <!-- ParallelTest_Chrome -->
