<?xml version="1.0" encoding="UTF-8"?>
<!-- Generated by org.testng.reporters.JUnitXMLReporter -->
<testsuite ignored="0" hostname="Vigneshwaran" failures="0" tests="5" name="AmazonTest" time="143.201" errors="0" timestamp="2024-07-09T16:36:31 IST">
  <testcase classname="Maven_Amazon.Maven_AmazonTestcases.Testcase1" name="Login_to_Search" time="17.048"/>
  <testcase classname="Maven_Amazon.Maven_AmazonTestcases.Testcase2" name="Login_Search_ClickFirstProduct" time="20.091"/>
  <testcase classname="Maven_Amazon.Maven_AmazonTestcases.Testcase3" name="Login_Search_ClickFirstProduct_AddToWishlist" time="26.0"/>
  <testcase classname="Maven_Amazon.Maven_AmazonTestcases.Testcase4" name="Login_Search_ClickFirstProduct_AddToWishlist_AddToCart" time="32.928"/>
  <testcase classname="Maven_Amazon.Maven_AmazonTestcases.Testcase5" name="Login_Search_ClickFirstProduct_AddToWishlist_AddToCart_SelectAddress" time="44.365"/>
</testsuite> <!-- AmazonTest -->
