<?xml version="1.0" encoding="UTF-8"?>
<!-- Generated by org.testng.reporters.JUnitXMLReporter -->
<testsuite ignored="4" hostname="Vigneshwaran" failures="0" tests="1" name="SmokeTest" time="0.079" errors="0" timestamp="2024-06-21T19:50:19 IST">
  <testcase classname="SeleniumProgram.Grouping_Testcases" name="Testcase3" time="0.013"/>
  <testcase classname="SeleniumProgram.Grouping_Testcases" name="Testcase4" time="0.0">
    <ignored/>
  </testcase> <!-- Testcase4 -->
  <testcase classname="SeleniumProgram.Grouping_Testcases" name="Testcase2" time="0.0">
    <ignored/>
  </testcase> <!-- Testcase2 -->
  <testcase classname="SeleniumProgram.Grouping_Testcases" name="Testcase5" time="0.0">
    <ignored/>
  </testcase> <!-- Testcase5 -->
  <testcase classname="SeleniumProgram.Grouping_Testcases" name="Testcase1" time="0.0">
    <ignored/>
  </testcase> <!-- Testcase1 -->
</testsuite> <!-- SmokeTest -->
