<?xml version="1.0" encoding="UTF-8"?>
<!-- Generated by org.testng.reporters.JUnitXMLReporter -->
<testsuite ignored="0" hostname="Vigneshwaran" failures="0" tests="5" name="Amazon_Test" time="148.728" errors="0" timestamp="2024-06-13T18:26:59 IST">
  <testcase classname="AmazonLoginToLogout.Prog1" name="Amazon_Login" time="10.591"/>
  <testcase classname="AmazonLoginToLogout.Prog2" name="Amazon_Login_Search" time="24.182"/>
  <testcase classname="AmazonLoginToLogout.Prog3" name="Amazon_Login_Search_Wishlist" time="31.834"/>
  <testcase classname="AmazonLoginToLogout.Prog5" name="Amazon_Login_Search_Wishlist_Cart_Logout" time="47.21"/>
  <testcase classname="AmazonLoginToLogout.Prog4" name="Amazon_Login_Search_Wishlist_Cart" time="34.792"/>
</testsuite> <!-- Amazon_Test -->
