<?xml version="1.0" encoding="UTF-8"?>
<!-- Generated by org.testng.reporters.JUnitXMLReporter -->
<testsuite ignored="0" hostname="Vigneshwaran" failures="0" tests="2" name="Amazon_Scenario" time="81.848" errors="0" timestamp="2024-06-17T17:29:27 IST">
  <testcase classname="Amazon_2TC_1AM_1BM.Testcase1" name="Search_ClickFirstProduct" time="12.706"/>
  <testcase classname="Amazon_2TC_1AM_1BM.Testcase2" name="Search_ClickFirstProduct_Wishlist_Cart" time="23.449"/>
</testsuite> <!-- Amazon_Scenario -->
