<?xml version="1.0" encoding="UTF-8"?>
<testng-results ignored="0" total="1" passed="1" failed="0" skipped="0">
  <reporter-output>
  </reporter-output>
  <suite started-at="2024-07-06T23:09:28 IST" name="Default suite" finished-at="2024-07-06T23:09:35 IST" duration-ms="7213">
    <groups>
    </groups>
    <test started-at="2024-07-06T23:09:28 IST" name="Default test" finished-at="2024-07-06T23:09:35 IST" duration-ms="7213">
      <class name="Package_FacebookTestcases.Testcase1">
        <test-method signature="login_to_facebook_using_valid_credentials()[pri:0, instance:Package_FacebookTestcases.Testcase1@4d465b11]" started-at="2024-07-06T23:09:28 IST" name="login_to_facebook_using_valid_credentials" finished-at="2024-07-06T23:09:35 IST" duration-ms="7127" status="PASS">
          <reporter-output>
          </reporter-output>
        </test-method> <!-- login_to_facebook_using_valid_credentials -->
      </class> <!-- Package_FacebookTestcases.Testcase1 -->
    </test> <!-- Default test -->
  </suite> <!-- Default suite -->
</testng-results>
