<?xml version="1.0" encoding="UTF-8"?>
<!-- Generated by org.testng.reporters.JUnitXMLReporter -->
<testsuite ignored="0" hostname="Vigneshwaran" failures="0" tests="3" name="Test_NineAnnotations" time="0.102" errors="0" timestamp="2024-06-13T20:05:32 IST">
  <testcase classname="SeleniumProgram.ExecutionOfAllNineAnnotations_WithThreeTestcases" name="testcase1" time="0.008"/>
  <testcase classname="SeleniumProgram.ExecutionOfAllNineAnnotations_WithThreeTestcases" name="testcase2" time="0.002"/>
  <testcase classname="SeleniumProgram.ExecutionOfAllNineAnnotations_WithThreeTestcases" name="testcase3" time="0.007"/>
</testsuite> <!-- Test_NineAnnotations -->
